<?xml version="1.0" encoding="UTF-8"?>
<!-- Generated by org.testng.reporters.JUnitReportReporter -->
<testsuite hostname="MANGESH-DELL2020" failures="0" tests="1" name="com.gisfy.testscripts.tc004" time="45.669" errors="0" timestamp="2022-05-23T23:44:29 IST" skipped="0">
  <testcase classname="com.gisfy.testscripts.tc004" name="TC004" time="45.669"/>
  <system-out>
    <![CDATA[Application opened
Sign completed
Delete Successfully]]>
  </system-out>
</testsuite> <!-- com.gisfy.testscripts.tc004 -->
