<?xml version="1.0" encoding="UTF-8"?>
<!-- Generated by org.testng.reporters.JUnitReportReporter -->
<testsuite hostname="MANGESH-DELL2020" failures="0" tests="1" name="com.gisfy.testscripts.tc001" time="41.878" errors="0" timestamp="2022-05-23T23:44:29 IST" skipped="0">
  <testcase classname="com.gisfy.testscripts.tc001" name="TC001" time="41.878"/>
  <system-out>
    <![CDATA[Application opened
Sign completed]]>
  </system-out>
</testsuite> <!-- com.gisfy.testscripts.tc001 -->
