<?xml version="1.0" encoding="UTF-8"?>
<!-- Generated by org.testng.reporters.JUnitReportReporter -->
<testsuite hostname="MANGESH-DELL2020" failures="0" tests="1" name="com.gisfy.testscripts.tc003" time="36.177" errors="0" timestamp="2022-05-23T23:44:29 IST" skipped="0">
  <testcase classname="com.gisfy.testscripts.tc003" name="TC003" time="36.177"/>
  <system-out>
    <![CDATA[Application opened
Sign completed
Edit Successfully]]>
  </system-out>
</testsuite> <!-- com.gisfy.testscripts.tc003 -->
